node:events:497
      throw er; // Unhandled 'error' event
      ^

Error: listen EADDRINUSE: address already in use 0.0.0.0:3003
    at Server.setupListenHandle [as _listen2] (node:net:1940:16)
    at listenInCluster (node:net:1997:12)
    at node:net:2206:7
    at process.processTicksAndRejections (node:internal/process/task_queues:89:21)
Emitted 'error' event on Server instance at:
    at emitErrorNT (node:net:1976:8)
    at process.processTicksAndRejections (node:internal/process/task_queues:89:21) {
  code: 'EADDRINUSE',
  errno: -98,
  syscall: 'listen',
  address: '0.0.0.0',
  port: 3003
}

Node.js v22.22.2
🚀 WhatsApp API Bot running on port 3003
📩 Webhook URL: http://YOUR_SERVER:3003/webhook
🔑 Verify Token: fresh_people_webhook_verify_2026
✅ Webhook verified!
✅ Webhook verified!
📩 Message from 27672961272: Test message...
❌ Send error: 
🚀 WhatsApp API Bot running on port 3003
📩 Webhook URL: http://YOUR_SERVER:3003/webhook
🔑 Verify Token: fresh_people_webhook_verify_2026
✅ Webhook verified!
📩 Message from 27672961272: EVENT: Test
CLIENT: X
DATE: 2026-05-26
TIME: 18:00...
Processing error: Traceback (most recent call last):
  File "/home/yassin/fresh-people-event-ops/event_processor.py", line 194, in <module>
    result = process_booking(input_text)
             ^^^^^^^^^^^^^^^^^^^^^^^^^^^
  File "/home/yassin/fresh-people-event-ops/event_processor.py", line 136, in process_booking
    staff_info = allocate_staff(booking['staff_required'])
                 ^^^^^^^^^^^^^^^^^^^^^^^^^^^^^^^^^^^^^^^^^
  File "/home/yassin/fresh-people-event-ops/event_processor.py", line 47, in allocate_staff
    num_required = int(num_required) if num_required else 1
                   ^^^^^^^^^^^^^^^^^
ValueError: invalid literal for int() with base 10: '3 Waiters'

✅ Message sent: wamid.HBgLMjc2NzI5NjEyNzIVAgARGBI0NjRDREIwMzY5ODA2NzQwRDYA
